#
# There is insufficient memory for the Java Runtime Environment to continue.
# Native memory allocation (malloc) failed to allocate 392496 bytes for Chunk::new
# Possible reasons:
#   The system is out of physical RAM or swap space
#   The process is running with CompressedOops enabled, and the Java Heap may be blocking the growth of the native heap
# Possible solutions:
#   Reduce memory load on the system
#   Increase physical memory or swap space
#   Check if swap backing store is full
#   Decrease Java heap size (-Xmx/-Xms)
#   Decrease number of Java threads
#   Decrease Java thread stack sizes (-Xss)
#   Set larger code cache with -XX:ReservedCodeCacheSize=
#   JVM is running with Unscaled Compressed Oops mode in which the Java heap is
#     placed in the first 4GB address space. The Java Heap base address is the
#     maximum limit for the native heap growth. Please use -XX:HeapBaseMinAddress
#     to set the Java Heap base and to place the Java Heap above 4GB virtual address.
# This output file may be truncated or incomplete.
#
#  Out of Memory Error (arena.cpp:184), pid=12176, tid=10696
#
# JRE version: Java(TM) SE Runtime Environment (18.0.2+9) (build 18.0.2+9-61)
# Java VM: Java HotSpot(TM) 64-Bit Server VM (18.0.2+9-61, mixed mode, sharing, tiered, compressed oops, compressed class ptrs, g1 gc, windows-amd64)
# No core dump will be written. Minidumps are not enabled by default on client versions of Windows
#

---------------  S U M M A R Y ------------

Command Line: -Dfile.encoding=UTF-8 --module-path=C:\Program Files\Java\jdk-18.0.2\javafx-sdk-18.0.2\lib --add-modules=javafx.controls,javafx.fxml tnt.gui.Ke_Shop

Host: Intel(R) Celeron(R) CPU N3350 @ 1.10GHz, 2 cores, 1G,  Windows 10 , 64 bit Build 19041 (10.0.19041.2251)
Time: Tue Nov 15 14:38:46 2022 Hora estándar central (México) elapsed time: 14.205482 seconds (0d 0h 0m 14s)

---------------  T H R E A D  ---------------

Current thread (0x000002157e452470):  JavaThread "C2 CompilerThread0" daemon [_thread_in_native, id=10696, stack(0x000000f6a5f00000,0x000000f6a6000000)]


Current CompileTask:
C2:  14205 1635   !   4       java.util.zip.InflaterInputStream::read (122 bytes)

Stack: [0x000000f6a5f00000,0x000000f6a6000000]
Native frames: (J=compiled Java code, j=interpreted, Vv=VM code, C=native code)
V  [jvm.dll+0x6993ca]
V  [jvm.dll+0x7f481d]
V  [jvm.dll+0x7f612e]
V  [jvm.dll+0x7f67e3]
V  [jvm.dll+0x25cdaf]
V  [jvm.dll+0xb8c2f]
V  [jvm.dll+0xb8fa5]
V  [jvm.dll+0x3860cb]
V  [jvm.dll+0x1d29c2]
V  [jvm.dll+0x2300a9]
V  [jvm.dll+0x22f321]
V  [jvm.dll+0x1ba01c]
V  [jvm.dll+0x23ec9a]
V  [jvm.dll+0x23cf85]
V  [jvm.dll+0x7a6e21]
V  [jvm.dll+0x7a125a]
V  [jvm.dll+0x698275]
C  [ucrtbase.dll+0x21bb2]
C  [KERNEL32.DLL+0x174b4]
C  [ntdll.dll+0x526a1]


---------------  P R O C E S S  ---------------

Threads class SMR info:
_java_thread_list=0x000002151bc1ca60, length=19, elements={
0x00000215792ef880, 0x000002157e432df0, 0x000002157e4355d0, 0x000002157e449e50,
0x000002157e44b800, 0x000002157e44c1a0, 0x000002157e44f700, 0x000002157e452470,
0x000002157e44e8b0, 0x000002157e471150, 0x000002157e50a710, 0x000002151b36b840,
0x000002151bcd81f0, 0x000002151b407f00, 0x000002151b4083c0, 0x000002151ad42ac0,
0x000002151b4f0190, 0x000002151b3fb3a0, 0x000002157e4cae00
}

Java Threads: ( => current thread )
  0x00000215792ef880 JavaThread "main" [_thread_blocked, id=216, stack(0x000000f6a5200000,0x000000f6a5300000)]
  0x000002157e432df0 JavaThread "Reference Handler" daemon [_thread_blocked, id=11572, stack(0x000000f6a5900000,0x000000f6a5a00000)]
  0x000002157e4355d0 JavaThread "Finalizer" daemon [_thread_blocked, id=772, stack(0x000000f6a5a00000,0x000000f6a5b00000)]
  0x000002157e449e50 JavaThread "Signal Dispatcher" daemon [_thread_blocked, id=11124, stack(0x000000f6a5b00000,0x000000f6a5c00000)]
  0x000002157e44b800 JavaThread "Attach Listener" daemon [_thread_blocked, id=9892, stack(0x000000f6a5c00000,0x000000f6a5d00000)]
  0x000002157e44c1a0 JavaThread "Service Thread" daemon [_thread_blocked, id=3972, stack(0x000000f6a5d00000,0x000000f6a5e00000)]
  0x000002157e44f700 JavaThread "Monitor Deflation Thread" daemon [_thread_blocked, id=5340, stack(0x000000f6a5e00000,0x000000f6a5f00000)]
=>0x000002157e452470 JavaThread "C2 CompilerThread0" daemon [_thread_in_native, id=10696, stack(0x000000f6a5f00000,0x000000f6a6000000)]
  0x000002157e44e8b0 JavaThread "C1 CompilerThread0" daemon [_thread_blocked, id=6216, stack(0x000000f6a6000000,0x000000f6a6100000)]
  0x000002157e471150 JavaThread "Sweeper thread" daemon [_thread_blocked, id=9176, stack(0x000000f6a6100000,0x000000f6a6200000)]
  0x000002157e50a710 JavaThread "Common-Cleaner" daemon [_thread_blocked, id=9708, stack(0x000000f6a6200000,0x000000f6a6300000)]
  0x000002151b36b840 JavaThread "Notification Thread" daemon [_thread_blocked, id=11476, stack(0x000000f6a6400000,0x000000f6a6500000)]
  0x000002151bcd81f0 JavaThread "QuantumRenderer-0" daemon [_thread_blocked, id=11564, stack(0x000000f6a6600000,0x000000f6a6700000)]
  0x000002151b407f00 JavaThread "InvokeLaterDispatcher" daemon [_thread_blocked, id=9188, stack(0x000000f6a6700000,0x000000f6a6800000)]
  0x000002151b4083c0 JavaThread "JavaFX Application Thread" [_thread_in_native, id=11452, stack(0x000000f6a6800000,0x000000f6a6900000)]
  0x000002151ad42ac0 JavaThread "Thread-2" daemon [_thread_in_native, id=7704, stack(0x000000f6a6b00000,0x000000f6a6c00000)]
  0x000002151b4f0190 JavaThread "JavaFX-Launcher" [_thread_blocked, id=3300, stack(0x000000f6a6c00000,0x000000f6a6d00000)]
  0x000002151b3fb3a0 JavaThread "Prism Font Disposer" daemon [_thread_blocked, id=12284, stack(0x000000f6a6d00000,0x000000f6a6e00000)]
  0x000002157e4cae00 JavaThread "Cleaner-0" daemon [_thread_blocked, id=11388, stack(0x000000f6a7200000,0x000000f6a7300000)]

Other Threads:
  0x000002157e430370 VMThread "VM Thread" [stack: 0x000000f6a5800000,0x000000f6a5900000] [id=9376]
  0x000002151ad2ffd0 WatcherThread "VM Periodic Task Thread" [stack: 0x000000f6a6500000,0x000000f6a6600000] [id=10836]
  0x000002157931f530 WorkerThread "GC Thread#0" [stack: 0x000000f6a5300000,0x000000f6a5400000] [id=5840]
  0x000002151ad2f9c0 WorkerThread "GC Thread#1" [stack: 0x000000f6a6300000,0x000000f6a6400000] [id=10888]
  0x0000021579323fa0 ConcurrentGCThread "G1 Main Marker" [stack: 0x000000f6a5400000,0x000000f6a5500000] [id=3848]
  0x0000021579324990 WorkerThread "G1 Conc#0" [stack: 0x000000f6a5500000,0x000000f6a5600000] [id=3640]
  0x000002157933ad30 ConcurrentGCThread "G1 Refine#0" [stack: 0x000000f6a5600000,0x000000f6a5700000] [id=11204]
  0x000002151b11f860 ConcurrentGCThread "G1 Refine#1" [stack: 0x000000f6a6e00000,0x000000f6a6f00000] [id=8512]
  0x000002157933b640 ConcurrentGCThread "G1 Service" [stack: 0x000000f6a5700000,0x000000f6a5800000] [id=7372]

Threads with active compile tasks:
C2 CompilerThread0    14609 1635   !   4       java.util.zip.InflaterInputStream::read (122 bytes)

VM state: not at safepoint (normal execution)

VM Mutex/Monitor currently owned by a thread: None

Heap address: 0x00000000e2600000, size: 474 MB, Compressed Oops mode: 32-bit

CDS archive(s) mapped at: [0x0000000800000000-0x0000000800ba0000-0x0000000800ba0000), size 12189696, SharedBaseAddress: 0x0000000800000000, ArchiveRelocationMode: 0.
Compressed class space mapped at: 0x0000000800c00000-0x0000000840c00000, reserved size: 1073741824
Narrow klass base: 0x0000000800000000, Narrow klass shift: 0, Narrow klass range: 0x100000000

GC Precious Log:
 CardTable entry size: 512
 Card Set container configuration: InlinePtr #cards 5 size 8 Array Of Cards #cards 12 size 40 Howl #buckets 4 coarsen threshold 1843 Howl Bitmap #cards 512 size 80 coarsen threshold 460 Card regions per heap region 1 cards per card region 2048
 CPUs: 2 total, 2 available
 Memory: 1888M
 Large Page Support: Disabled
 NUMA Support: Disabled
 Compressed Oops: Enabled (32-bit)
 Heap Region Size: 1M
 Heap Min Capacity: 8M
 Heap Initial Capacity: 30M
 Heap Max Capacity: 474M
 Pre-touch: Disabled
 Parallel Workers: 2
 Concurrent Workers: 1
 Concurrent Refinement Workers: 2
 Periodic GC: Disabled

Heap:
 garbage-first heap   total 30720K, used 18321K [0x00000000e2600000, 0x0000000100000000)
  region size 1024K, 14 young (14336K), 2 survivors (2048K)
 Metaspace       used 12190K, committed 12544K, reserved 1114112K
  class space    used 1633K, committed 1792K, reserved 1048576K

Heap Regions: E=young(eden), S=young(survivor), O=old, HS=humongous(starts), HC=humongous(continues), CS=collection set, F=free, OA=open archive, CA=closed archive, TAMS=top-at-mark-start (previous, next)
|   0|0x00000000e2600000, 0x00000000e2700000, 0x00000000e2700000|100%| O|  |TAMS 0x00000000e2600000, 0x00000000e2600000| Untracked 
|   1|0x00000000e2700000, 0x00000000e2800000, 0x00000000e2800000|100%| O|  |TAMS 0x00000000e2700000, 0x00000000e2700000| Untracked 
|   2|0x00000000e2800000, 0x00000000e2900000, 0x00000000e2900000|100%| O|  |TAMS 0x00000000e2800000, 0x00000000e2800000| Untracked 
|   3|0x00000000e2900000, 0x00000000e29e4600, 0x00000000e2a00000| 89%| O|  |TAMS 0x00000000e2900000, 0x00000000e2900000| Untracked 
|   4|0x00000000e2a00000, 0x00000000e2b00000, 0x00000000e2b00000|100%|HS|  |TAMS 0x00000000e2a00000, 0x00000000e2a00000| Complete 
|   5|0x00000000e2b00000, 0x00000000e2c00000, 0x00000000e2c00000|100%|HC|  |TAMS 0x00000000e2b00000, 0x00000000e2b00000| Complete 
|   6|0x00000000e2c00000, 0x00000000e2c00000, 0x00000000e2d00000|  0%| F|  |TAMS 0x00000000e2c00000, 0x00000000e2c00000| Untracked 
|   7|0x00000000e2d00000, 0x00000000e2d00000, 0x00000000e2e00000|  0%| F|  |TAMS 0x00000000e2d00000, 0x00000000e2d00000| Untracked 
|   8|0x00000000e2e00000, 0x00000000e2e00000, 0x00000000e2f00000|  0%| F|  |TAMS 0x00000000e2e00000, 0x00000000e2e00000| Untracked 
|   9|0x00000000e2f00000, 0x00000000e2f00000, 0x00000000e3000000|  0%| F|  |TAMS 0x00000000e2f00000, 0x00000000e2f00000| Untracked 
|  10|0x00000000e3000000, 0x00000000e3000000, 0x00000000e3100000|  0%| F|  |TAMS 0x00000000e3000000, 0x00000000e3000000| Untracked 
|  11|0x00000000e3100000, 0x00000000e3100000, 0x00000000e3200000|  0%| F|  |TAMS 0x00000000e3100000, 0x00000000e3100000| Untracked 
|  12|0x00000000e3200000, 0x00000000e3200000, 0x00000000e3300000|  0%| F|  |TAMS 0x00000000e3200000, 0x00000000e3200000| Untracked 
|  13|0x00000000e3300000, 0x00000000e3300000, 0x00000000e3400000|  0%| F|  |TAMS 0x00000000e3300000, 0x00000000e3300000| Untracked 
|  14|0x00000000e3400000, 0x00000000e3400000, 0x00000000e3500000|  0%| F|  |TAMS 0x00000000e3400000, 0x00000000e3400000| Untracked 
|  15|0x00000000e3500000, 0x00000000e3600000, 0x00000000e3600000|100%| S|CS|TAMS 0x00000000e3500000, 0x00000000e3500000| Complete 
|  16|0x00000000e3600000, 0x00000000e3700000, 0x00000000e3700000|100%| S|CS|TAMS 0x00000000e3600000, 0x00000000e3600000| Complete 
|  17|0x00000000e3700000, 0x00000000e3700000, 0x00000000e3800000|  0%| F|  |TAMS 0x00000000e3700000, 0x00000000e3700000| Untracked 
|  18|0x00000000e3800000, 0x00000000e3867850, 0x00000000e3900000| 40%| E|  |TAMS 0x00000000e3800000, 0x00000000e3800000| Complete 
|  19|0x00000000e3900000, 0x00000000e3a00000, 0x00000000e3a00000|100%| E|  |TAMS 0x00000000e3900000, 0x00000000e3900000| Complete 
|  20|0x00000000e3a00000, 0x00000000e3b00000, 0x00000000e3b00000|100%| E|CS|TAMS 0x00000000e3a00000, 0x00000000e3a00000| Complete 
|  21|0x00000000e3b00000, 0x00000000e3c00000, 0x00000000e3c00000|100%| E|CS|TAMS 0x00000000e3b00000, 0x00000000e3b00000| Complete 
|  22|0x00000000e3c00000, 0x00000000e3d00000, 0x00000000e3d00000|100%| E|CS|TAMS 0x00000000e3c00000, 0x00000000e3c00000| Complete 
|  23|0x00000000e3d00000, 0x00000000e3e00000, 0x00000000e3e00000|100%| E|CS|TAMS 0x00000000e3d00000, 0x00000000e3d00000| Complete 
|  24|0x00000000e3e00000, 0x00000000e3f00000, 0x00000000e3f00000|100%| E|CS|TAMS 0x00000000e3e00000, 0x00000000e3e00000| Complete 
|  25|0x00000000e3f00000, 0x00000000e4000000, 0x00000000e4000000|100%| E|CS|TAMS 0x00000000e3f00000, 0x00000000e3f00000| Complete 
|  26|0x00000000e4000000, 0x00000000e4100000, 0x00000000e4100000|100%| E|CS|TAMS 0x00000000e4000000, 0x00000000e4000000| Complete 
|  27|0x00000000e4100000, 0x00000000e4200000, 0x00000000e4200000|100%| E|CS|TAMS 0x00000000e4100000, 0x00000000e4100000| Complete 
|  28|0x00000000e4200000, 0x00000000e4300000, 0x00000000e4300000|100%| E|CS|TAMS 0x00000000e4200000, 0x00000000e4200000| Complete 
|  29|0x00000000e4300000, 0x00000000e4400000, 0x00000000e4400000|100%| E|CS|TAMS 0x00000000e4300000, 0x00000000e4300000| Complete 

Card table byte_map: [0x000002157b070000,0x000002157b160000] _byte_map_base: 0x000002157a95d000

Marking Bits (Prev, Next): (CMBitMap*) 0x000002157931fb30, (CMBitMap*) 0x000002157931fb70
 Prev Bits: [0x000002157b250000, 0x000002157b9b8000)
 Next Bits: [0x000002157b9c0000, 0x000002157c128000)

Polling page: 0x00000215790f0000

Metaspace:

Usage:
  Non-class:     10.31 MB used.
      Class:      1.59 MB used.
       Both:     11.90 MB used.

Virtual space:
  Non-class space:       64.00 MB reserved,      10.50 MB ( 16%) committed,  1 nodes.
      Class space:        1.00 GB reserved,       1.75 MB ( <1%) committed,  1 nodes.
             Both:        1.06 GB reserved,      12.25 MB (  1%) committed. 

Chunk freelists:
   Non-Class:  1.05 MB
       Class:  2.14 MB
        Both:  3.19 MB

MaxMetaspaceSize: unlimited
CompressedClassSpaceSize: 1.00 GB
Initial GC threshold: 21.00 MB
Current GC threshold: 21.00 MB
CDS: on
MetaspaceReclaimPolicy: balanced
 - commit_granule_bytes: 65536.
 - commit_granule_words: 8192.
 - virtual_space_node_default_size: 8388608.
 - enlarge_chunks_in_place: 1.
 - new_chunks_are_fully_committed: 0.
 - uncommit_free_chunks: 1.
 - use_allocation_guard: 0.


Internal statistics:

num_allocs_failed_limit: 0.
num_arena_births: 318.
num_arena_deaths: 0.
num_vsnodes_births: 2.
num_vsnodes_deaths: 0.
num_space_committed: 196.
num_space_uncommitted: 0.
num_chunks_returned_to_freelist: 0.
num_chunks_taken_from_freelist: 709.
num_chunk_merges: 0.
num_chunk_splits: 479.
num_chunks_enlarged: 354.
num_inconsistent_stats: 0.

CodeHeap 'non-profiled nmethods': size=120064Kb used=608Kb max_used=608Kb free=119455Kb
 bounds [0x000002150f330000, 0x000002150f5a0000, 0x0000021516870000]
CodeHeap 'profiled nmethods': size=120000Kb used=2981Kb max_used=2981Kb free=117018Kb
 bounds [0x0000021507e00000, 0x00000215080f0000, 0x000002150f330000]
CodeHeap 'non-nmethods': size=5696Kb used=1402Kb max_used=1402Kb free=4293Kb
 bounds [0x0000021507870000, 0x0000021507ae0000, 0x0000021507e00000]
 total_blobs=2420 nmethods=1670 adapters=663
 compilation: enabled
              stopped_count=0, restarted_count=0
 full_count=0

Compilation events (20 events):
Event: 14.089 Thread 0x000002157e44e8b0 1639       3       java.lang.invoke.ClassSpecializer$SpeciesData::factory (14 bytes)
Event: 14.089 Thread 0x000002157e44e8b0 nmethod 1639 0x00000215080d9d10 code [0x00000215080d9ec0, 0x00000215080da188]
Event: 14.090 Thread 0x000002157e44e8b0 1640       3       java.lang.invoke.BoundMethodHandle::bindArgumentL (11 bytes)
Event: 14.090 Thread 0x000002157e44e8b0 nmethod 1640 0x00000215080da290 code [0x00000215080da460, 0x00000215080da938]
Event: 14.090 Thread 0x000002157e44e8b0 1641       3       java.lang.invoke.LambdaFormEditor::bindArgumentL (59 bytes)
Event: 14.091 Thread 0x000002157e44e8b0 nmethod 1641 0x00000215080dab90 code [0x00000215080dad60, 0x00000215080db008]
Event: 14.091 Thread 0x000002157e44e8b0 1642       3       java.util.Arrays$ArrayList::size (6 bytes)
Event: 14.092 Thread 0x000002157e44e8b0 nmethod 1642 0x00000215080db110 code [0x00000215080db2a0, 0x00000215080db3b8]
Event: 14.092 Thread 0x000002157e44e8b0 1643       3       java.lang.invoke.ClassSpecializer$SpeciesData::transformHelper (56 bytes)
Event: 14.093 Thread 0x000002157e44e8b0 nmethod 1643 0x00000215080db490 code [0x00000215080db740, 0x00000215080dc6c8]
Event: 14.093 Thread 0x000002157e44e8b0 1644       3       java.lang.invoke.Invokers$Holder::linkToTargetMethod (10 bytes)
Event: 14.094 Thread 0x000002157e44e8b0 nmethod 1644 0x00000215080dcb10 code [0x00000215080dccc0, 0x00000215080dcf58]
Event: 14.094 Thread 0x000002157e44e8b0 1647       3       java.lang.invoke.BootstrapMethodInvoker::widenAndCast (47 bytes)
Event: 14.095 Thread 0x000002157e44e8b0 nmethod 1647 0x00000215080dd010 code [0x00000215080dd280, 0x00000215080ddc18]
Event: 14.095 Thread 0x000002157e44e8b0 1646       3       java.lang.invoke.MethodHandleNatives::staticArgumentsPulled (5 bytes)
Event: 14.095 Thread 0x000002157e44e8b0 nmethod 1646 0x00000215080ddf10 code [0x00000215080de0a0, 0x00000215080de298]
Event: 14.095 Thread 0x000002157e44e8b0 1645       3       java.lang.invoke.DirectMethodHandle$Holder::invokeStatic (20 bytes)
Event: 14.095 Thread 0x000002157e44e8b0 nmethod 1645 0x00000215080de310 code [0x00000215080de4e0, 0x00000215080dea58]
Event: 14.095 Thread 0x000002157e44e8b0 1648       3       java.lang.invoke.Invokers::callSiteForm (308 bytes)
Event: 14.113 Thread 0x000002157e44e8b0 nmethod 1648 0x00000215080deb90 code [0x00000215080deec0, 0x00000215080e0588]

GC Heap History (8 events):
Event: 1.288 GC heap before
{Heap before GC invocations=0 (full 0):
 garbage-first heap   total 30720K, used 5120K [0x00000000e2600000, 0x0000000100000000)
  region size 1024K, 6 young (6144K), 0 survivors (0K)
 Metaspace       used 508K, committed 704K, reserved 1114112K
  class space    used 30K, committed 128K, reserved 1048576K
}
Event: 1.310 GC heap after
{Heap after GC invocations=1 (full 0):
 garbage-first heap   total 30720K, used 708K [0x00000000e2600000, 0x0000000100000000)
  region size 1024K, 1 young (1024K), 1 survivors (1024K)
 Metaspace       used 508K, committed 704K, reserved 1114112K
  class space    used 30K, committed 128K, reserved 1048576K
}
Event: 6.262 GC heap before
{Heap before GC invocations=1 (full 0):
 garbage-first heap   total 30720K, used 6852K [0x00000000e2600000, 0x0000000100000000)
  region size 1024K, 8 young (8192K), 1 survivors (1024K)
 Metaspace       used 2648K, committed 2880K, reserved 1114112K
  class space    used 267K, committed 384K, reserved 1048576K
}
Event: 6.269 GC heap after
{Heap after GC invocations=2 (full 0):
 garbage-first heap   total 30720K, used 1842K [0x00000000e2600000, 0x0000000100000000)
  region size 1024K, 1 young (1024K), 1 survivors (1024K)
 Metaspace       used 2648K, committed 2880K, reserved 1114112K
  class space    used 267K, committed 384K, reserved 1048576K
}
Event: 8.542 GC heap before
{Heap before GC invocations=2 (full 0):
 garbage-first heap   total 30720K, used 11058K [0x00000000e2600000, 0x0000000100000000)
  region size 1024K, 11 young (11264K), 1 survivors (1024K)
 Metaspace       used 6397K, committed 6592K, reserved 1114112K
  class space    used 752K, committed 832K, reserved 1048576K
}
Event: 8.551 GC heap after
{Heap after GC invocations=3 (full 0):
 garbage-first heap   total 30720K, used 3926K [0x00000000e2600000, 0x0000000100000000)
  region size 1024K, 2 young (2048K), 2 survivors (2048K)
 Metaspace       used 6397K, committed 6592K, reserved 1114112K
  class space    used 752K, committed 832K, reserved 1048576K
}
Event: 11.207 GC heap before
{Heap before GC invocations=3 (full 0):
 garbage-first heap   total 30720K, used 14166K [0x00000000e2600000, 0x0000000100000000)
  region size 1024K, 13 young (13312K), 2 survivors (2048K)
 Metaspace       used 8905K, committed 9152K, reserved 1114112K
  class space    used 1150K, committed 1280K, reserved 1048576K
}
Event: 11.219 GC heap after
{Heap after GC invocations=4 (full 0):
 garbage-first heap   total 30720K, used 6033K [0x00000000e2600000, 0x0000000100000000)
  region size 1024K, 2 young (2048K), 2 survivors (2048K)
 Metaspace       used 8905K, committed 9152K, reserved 1114112K
  class space    used 1150K, committed 1280K, reserved 1048576K
}

Deoptimization events (20 events):
Event: 12.278 Thread 0x000002151b4083c0 Uncommon trap: trap_request=0xffffffde fr.pc=0x000002150f346314 relative=0x0000000000000194
Event: 12.278 Thread 0x000002151b4083c0 Uncommon trap: reason=class_check action=maybe_recompile pc=0x000002150f346314 method=java.lang.String.equals(Ljava/lang/Object;)Z @ 8 c2
Event: 12.279 Thread 0x000002151b4083c0 DEOPT PACKING pc=0x000002150f346314 sp=0x000000f6a68fd600
Event: 12.279 Thread 0x000002151b4083c0 DEOPT UNPACKING pc=0x00000215078c239d sp=0x000000f6a68fd5a8 mode 2
Event: 12.556 Thread 0x000002151b4083c0 Uncommon trap: trap_request=0xffffff45 fr.pc=0x000002150f3a06d0 relative=0x00000000000001d0
Event: 12.556 Thread 0x000002151b4083c0 Uncommon trap: reason=unstable_if action=reinterpret pc=0x000002150f3a06d0 method=java.io.ByteArrayInputStream.read()I @ 8 c2
Event: 12.556 Thread 0x000002151b4083c0 DEOPT PACKING pc=0x000002150f3a06d0 sp=0x000000f6a68fbad0
Event: 12.556 Thread 0x000002151b4083c0 DEOPT UNPACKING pc=0x00000215078c239d sp=0x000000f6a68fba88 mode 2
Event: 12.735 Thread 0x000002151b4083c0 Uncommon trap: trap_request=0xffffff45 fr.pc=0x000002150f3942e8 relative=0x0000000000000d48
Event: 12.735 Thread 0x000002151b4083c0 Uncommon trap: reason=unstable_if action=reinterpret pc=0x000002150f3942e8 method=java.util.concurrent.ConcurrentHashMap.putVal(Ljava/lang/Object;Ljava/lang/Object;Z)Ljava/lang/Object; @ 148 c2
Event: 12.735 Thread 0x000002151b4083c0 DEOPT PACKING pc=0x000002150f3942e8 sp=0x000000f6a68fc4c0
Event: 12.735 Thread 0x000002151b4083c0 DEOPT UNPACKING pc=0x00000215078c239d sp=0x000000f6a68fc440 mode 2
Event: 12.739 Thread 0x000002151b4083c0 Uncommon trap: trap_request=0xffffff45 fr.pc=0x000002150f3478d8 relative=0x0000000000000238
Event: 12.739 Thread 0x000002151b4083c0 Uncommon trap: reason=unstable_if action=reinterpret pc=0x000002150f3478d8 method=java.lang.StringLatin1.lastIndexOf([BI[BII)I @ 86 c2
Event: 12.739 Thread 0x000002151b4083c0 DEOPT PACKING pc=0x000002150f3478d8 sp=0x000000f6a68fc4f0
Event: 12.740 Thread 0x000002151b4083c0 DEOPT UNPACKING pc=0x00000215078c239d sp=0x000000f6a68fc338 mode 2
Event: 12.740 Thread 0x000002151b4083c0 Uncommon trap: trap_request=0xffffff45 fr.pc=0x000002150f343618 relative=0x00000000000000f8
Event: 12.740 Thread 0x000002151b4083c0 Uncommon trap: reason=unstable_if action=reinterpret pc=0x000002150f343618 method=java.lang.StringLatin1.lastIndexOf([BI[BII)I @ 86 c2
Event: 12.740 Thread 0x000002151b4083c0 DEOPT PACKING pc=0x000002150f343618 sp=0x000000f6a68fc4b0
Event: 12.740 Thread 0x000002151b4083c0 DEOPT UNPACKING pc=0x00000215078c239d sp=0x000000f6a68fc408 mode 2

Classes loaded (20 events):
Event: 12.888 Loading class java/util/EnumMap$EnumMapIterator
Event: 12.889 Loading class java/util/EnumMap$EnumMapIterator done
Event: 12.889 Loading class java/util/EnumMap$ValueIterator done
Event: 13.051 Loading class java/nio/DirectByteBuffer$Deallocator
Event: 13.069 Loading class java/nio/DirectByteBuffer$Deallocator done
Event: 13.892 Loading class java/nio/ShortBuffer
Event: 13.914 Loading class java/nio/ShortBuffer done
Event: 13.914 Loading class java/nio/FloatBuffer
Event: 13.925 Loading class java/nio/FloatBuffer done
Event: 13.925 Loading class java/nio/DoubleBuffer
Event: 13.926 Loading class java/nio/DoubleBuffer done
Event: 14.026 Loading class java/lang/ArrayIndexOutOfBoundsException
Event: 14.026 Loading class java/lang/ArrayIndexOutOfBoundsException done
Event: 14.053 Loading class java/util/concurrent/ConcurrentLinkedQueue
Event: 14.063 Loading class java/util/concurrent/ConcurrentLinkedQueue done
Event: 14.063 Loading class java/util/concurrent/ConcurrentLinkedQueue$Node
Event: 14.063 Loading class java/util/concurrent/ConcurrentLinkedQueue$Node done
Event: 14.069 Loading class jdk/internal/ref/CleanerImpl$InnocuousThreadFactory
Event: 14.086 Loading class jdk/internal/ref/CleanerImpl$InnocuousThreadFactory done
Event: 14.115 Loading class jdk/internal/math/FDBigInteger

Classes unloaded (0 events):
No events

Classes redefined (0 events):
No events

Internal exceptions (20 events):
Event: 10.364 Thread 0x000002151b4083c0 Exception <a 'java/lang/ClassNotFoundException'{0x00000000e3ee4988}: com/sun/glass/ui/win/themes_es> (0x00000000e3ee4988) 
thrown [s\open\src\hotspot\share\prims\jni.cpp, line 535]
Event: 10.365 Thread 0x000002151b4083c0 Exception <a 'java/lang/ClassNotFoundException'{0x00000000e3eec9e8}: com/sun/glass/ui/win/themes_es_MX> (0x00000000e3eec9e8) 
thrown [s\open\src\hotspot\share\prims\jni.cpp, line 535]
Event: 10.739 Thread 0x000002151b4083c0 Exception <a 'java/lang/NoSuchMethodError'{0x00000000e3a47498}: 'void java.lang.invoke.DirectMethodHandle$Holder.invokeStaticInit(java.lang.Object, java.lang.Object)'> (0x00000000e3a47498) 
thrown [s\open\src\hotspot\share\interpreter\linkResolver.cpp, line 759]
Event: 10.806 Thread 0x000002151b4083c0 Exception <a 'java/lang/NoSuchMethodError'{0x00000000e3a9cf78}: 'void java.lang.invoke.DirectMethodHandle$Holder.invokeSpecial(java.lang.Object, java.lang.Object, int)'> (0x00000000e3a9cf78) 
thrown [s\open\src\hotspot\share\interpreter\linkResolver.cpp, line 759]
Event: 10.807 Thread 0x000002151b4083c0 Exception <a 'java/lang/NoSuchMethodError'{0x00000000e3aa12a8}: 'int java.lang.invoke.DirectMethodHandle$Holder.invokeSpecial(java.lang.Object, java.lang.Object, java.lang.Object, int)'> (0x00000000e3aa12a8) 
thrown [s\open\src\hotspot\share\interpreter\linkResolver.cpp, line 759]
Event: 10.810 Thread 0x000002151b4083c0 Exception <a 'java/lang/NoSuchMethodError'{0x00000000e3aabc38}: 'void java.lang.invoke.DelegatingMethodHandle$Holder.reinvoke_L(java.lang.Object, java.lang.Object, int)'> (0x00000000e3aabc38) 
thrown [s\open\src\hotspot\share\interpreter\linkResolver.cpp, line 759]
Event: 10.811 Thread 0x000002151b4083c0 Exception <a 'java/lang/NoSuchMethodError'{0x00000000e3ab2f60}: 'int java.lang.invoke.DirectMethodHandle$Holder.invokeSpecial(java.lang.Object, java.lang.Object, java.lang.Object)'> (0x00000000e3ab2f60) 
thrown [s\open\src\hotspot\share\interpreter\linkResolver.cpp, line 759]
Event: 10.942 Thread 0x000002151b4083c0 Exception <a 'java/lang/NoSuchMethodError'{0x00000000e3916860}: 'java.lang.Object java.lang.invoke.DirectMethodHandle$Holder.newInvokeSpecial(java.lang.Object, double)'> (0x00000000e3916860) 
thrown [s\open\src\hotspot\share\interpreter\linkResolver.cpp, line 759]
Event: 10.952 Thread 0x000002151b4083c0 Exception <a 'java/lang/NoSuchMethodError'{0x00000000e392ee98}: 'java.lang.Object java.lang.invoke.DelegatingMethodHandle$Holder.reinvoke_L(java.lang.Object, double, double, double, double)'> (0x00000000e392ee98) 
thrown [s\open\src\hotspot\share\interpreter\linkResolver.cpp, line 759]
Event: 10.978 Thread 0x000002151b4083c0 Exception <a 'java/lang/NoSuchMethodError'{0x00000000e393a480}: 'java.lang.Object java.lang.invoke.DirectMethodHandle$Holder.invokeStatic(java.lang.Object, java.lang.Object, int)'> (0x00000000e393a480) 
thrown [s\open\src\hotspot\share\interpreter\linkResolver.cpp, line 759]
Event: 10.979 Thread 0x000002151b4083c0 Exception <a 'java/lang/NoSuchMethodError'{0x00000000e393e3e0}: 'void java.lang.invoke.DirectMethodHandle$Holder.invokeStatic(java.lang.Object, java.lang.Object, int, java.lang.Object)'> (0x00000000e393e3e0) 
thrown [s\open\src\hotspot\share\interpreter\linkResolver.cpp, line 759]
Event: 10.980 Thread 0x000002151b4083c0 Exception <a 'java/lang/NoSuchMethodError'{0x00000000e39453e8}: 'void java.lang.invoke.DelegatingMethodHandle$Holder.delegate(java.lang.Object, java.lang.Object, int, java.lang.Object)'> (0x00000000e39453e8) 
thrown [s\open\src\hotspot\share\interpreter\linkResolver.cpp, line 759]
Event: 11.288 Thread 0x000002151b4083c0 Implicit null exception at 0x000002150f3836d8 to 0x000002150f38376e
Event: 11.335 Thread 0x000002151b4083c0 Implicit null exception at 0x000002150f3a590c to 0x000002150f3a5b7c
Event: 11.365 Thread 0x000002151b4083c0 Implicit null exception at 0x000002150f39f80c to 0x000002150f39fa2c
Event: 12.389 Thread 0x000002151b4083c0 Exception <a 'java/lang/NoSuchMethodError'{0x00000000e3d2c1f0}: 'java.lang.Object java.lang.invoke.DirectMethodHandle$Holder.invokeInterface(java.lang.Object, java.lang.Object, java.lang.Object)'> (0x00000000e3d2c1f0) 
thrown [s\open\src\hotspot\share\interpreter\linkResolver.cpp, line 759]
Event: 12.390 Thread 0x000002151b4083c0 Exception <a 'java/lang/IncompatibleClassChangeError'{0x00000000e3d2fe18}: Found class java.lang.Object, but interface was expected> (0x00000000e3d2fe18) 
thrown [s\open\src\hotspot\share\interpreter\linkResolver.cpp, line 826]
Event: 12.569 Thread 0x000002151b4083c0 Exception <a 'java/lang/NoSuchMethodError'{0x00000000e3c20a70}: 'int java.lang.invoke.DirectMethodHandle$Holder.invokeSpecial(java.lang.Object, java.lang.Object, int)'> (0x00000000e3c20a70) 
thrown [s\open\src\hotspot\share\interpreter\linkResolver.cpp, line 759]
Event: 12.791 Thread 0x000002151b4083c0 Exception <a 'java/lang/NoSuchMethodError'{0x00000000e3cc4448}: 'java.lang.Object java.lang.invoke.DirectMethodHandle$Holder.newInvokeSpecial(java.lang.Object, java.lang.Object, int)'> (0x00000000e3cc4448) 
thrown [s\open\src\hotspot\share\interpreter\linkResolver.cpp, line 759]
Event: 12.956 Thread 0x000002151bcd81f0 Exception <a 'java/lang/NoSuchMethodError'{0x00000000e3b66198}: 'int java.lang.invoke.DirectMethodHandle$Holder.invokeStaticInit(java.lang.Object, java.lang.Object)'> (0x00000000e3b66198) 
thrown [s\open\src\hotspot\share\interpreter\linkResolver.cpp, line 759]

VM Operations (20 events):
Event: 8.374 Executing VM operation: HandshakeAllThreads
Event: 8.374 Executing VM operation: HandshakeAllThreads done
Event: 8.542 Executing VM operation: G1CollectForAllocation
Event: 8.551 Executing VM operation: G1CollectForAllocation done
Event: 10.448 Executing VM operation: HandshakeAllThreads
Event: 10.448 Executing VM operation: HandshakeAllThreads done
Event: 10.448 Executing VM operation: Cleanup
Event: 10.448 Executing VM operation: Cleanup done
Event: 10.897 Executing VM operation: HandshakeAllThreads
Event: 10.897 Executing VM operation: HandshakeAllThreads done
Event: 10.948 Executing VM operation: HandshakeAllThreads
Event: 10.948 Executing VM operation: HandshakeAllThreads done
Event: 10.977 Executing VM operation: HandshakeAllThreads
Event: 10.977 Executing VM operation: HandshakeAllThreads done
Event: 11.207 Executing VM operation: G1CollectForAllocation
Event: 11.219 Executing VM operation: G1CollectForAllocation done
Event: 12.219 Executing VM operation: Cleanup
Event: 12.219 Executing VM operation: Cleanup done
Event: 13.220 Executing VM operation: Cleanup
Event: 13.220 Executing VM operation: Cleanup done

Events (20 events):
Event: 3.254 Loaded shared library C:\Program Files\Java\jdk-18.0.2\javafx-sdk-18.0.2\bin\api-ms-win-crt-runtime-l1-1-0.dll
Event: 3.291 Loaded shared library C:\Program Files\Java\jdk-18.0.2\javafx-sdk-18.0.2\bin\api-ms-win-crt-stdio-l1-1-0.dll
Event: 3.321 Loaded shared library C:\Program Files\Java\jdk-18.0.2\javafx-sdk-18.0.2\bin\api-ms-win-crt-string-l1-1-0.dll
Event: 3.364 Loaded shared library C:\Program Files\Java\jdk-18.0.2\javafx-sdk-18.0.2\bin\api-ms-win-crt-time-l1-1-0.dll
Event: 3.390 Loaded shared library C:\Program Files\Java\jdk-18.0.2\javafx-sdk-18.0.2\bin\api-ms-win-crt-utility-l1-1-0.dll
Event: 3.487 Loaded shared library C:\Program Files\Java\jdk-18.0.2\javafx-sdk-18.0.2\bin\ucrtbase.dll
Event: 3.544 Loaded shared library C:\Program Files\Java\jdk-18.0.2\javafx-sdk-18.0.2\bin\vcruntime140.dll
Event: 3.562 Loaded shared library C:\Program Files\Java\jdk-18.0.2\javafx-sdk-18.0.2\bin\vcruntime140_1.dll
Event: 3.645 Loaded shared library C:\Program Files\Java\jdk-18.0.2\javafx-sdk-18.0.2\bin\msvcp140.dll
Event: 4.422 Thread 0x000002151bcd81f0 Thread added: 0x000002151bcd81f0
Event: 4.654 Loaded shared library C:\Program Files\Java\jdk-18.0.2\javafx-sdk-18.0.2\bin\prism_d3d.dll
Event: 5.499 Loaded shared library C:\Program Files\Java\jdk-18.0.2\javafx-sdk-18.0.2\bin\glass.dll
Event: 5.524 Thread 0x000002151b407f00 Thread added: 0x000002151b407f00
Event: 5.535 Thread 0x000002151b4083c0 Thread added: 0x000002151b4083c0
Event: 6.558 Thread 0x000002151ad42ac0 Thread added: 0x000002151ad42ac0
Event: 6.559 Thread 0x000002151b4f0190 Thread added: 0x000002151b4f0190
Event: 6.761 Loaded shared library C:\Program Files\Java\jdk-18.0.2\bin\jimage.dll
Event: 8.852 Loaded shared library C:\Program Files\Java\jdk-18.0.2\javafx-sdk-18.0.2\bin\javafx_font.dll
Event: 10.043 Thread 0x000002151b3fb3a0 Thread added: 0x000002151b3fb3a0
Event: 14.087 Thread 0x000002157e4cae00 Thread added: 0x000002157e4cae00


Dynamic libraries:
0x00007ff6d0e40000 - 0x00007ff6d0e50000 	C:\Program Files\Java\jdk-18.0.2\bin\java.exe
0x00007fff9eaf0000 - 0x00007fff9ece8000 	C:\Windows\SYSTEM32\ntdll.dll
0x00007fff9def0000 - 0x00007fff9dfaf000 	C:\Windows\System32\KERNEL32.DLL
0x00007fff9c320000 - 0x00007fff9c5f2000 	C:\Windows\System32\KERNELBASE.dll
0x00007fff9c600000 - 0x00007fff9c700000 	C:\Windows\System32\ucrtbase.dll
0x00007fff94260000 - 0x00007fff9427a000 	C:\Program Files\Java\jdk-18.0.2\bin\VCRUNTIME140.dll
0x00007fff8d750000 - 0x00007fff8d768000 	C:\Program Files\Java\jdk-18.0.2\bin\jli.dll
0x00007fff9d370000 - 0x00007fff9d41e000 	C:\Windows\System32\ADVAPI32.dll
0x00007fff9cbf0000 - 0x00007fff9cc8e000 	C:\Windows\System32\msvcrt.dll
0x00007fff9d150000 - 0x00007fff9d1ec000 	C:\Windows\System32\sechost.dll
0x00007fff9d4e0000 - 0x00007fff9d605000 	C:\Windows\System32\RPCRT4.dll
0x00007fff9dfc0000 - 0x00007fff9e15d000 	C:\Windows\System32\USER32.dll
0x00007fff9c700000 - 0x00007fff9c722000 	C:\Windows\System32\win32u.dll
0x00007fff9cdc0000 - 0x00007fff9cdeb000 	C:\Windows\System32\GDI32.dll
0x00007fff9c890000 - 0x00007fff9c99f000 	C:\Windows\System32\gdi32full.dll
0x00007fff9caa0000 - 0x00007fff9cb3d000 	C:\Windows\System32\msvcp_win.dll
0x00007fff82020000 - 0x00007fff822ba000 	C:\Windows\WinSxS\amd64_microsoft.windows.common-controls_6595b64144ccf1df_6.0.19041.1110_none_60b5254171f9507e\COMCTL32.dll
0x00007fff9bf40000 - 0x00007fff9bf4a000 	C:\Windows\SYSTEM32\VERSION.dll
0x00007fff9e1e0000 - 0x00007fff9e212000 	C:\Windows\System32\IMM32.DLL
0x0000000052a60000 - 0x0000000052a6c000 	C:\Program Files (x86)\360\Total Security\safemon\SafeWrapper.dll
0x00007fff6a560000 - 0x00007fff6a5f2000 	C:\Program Files (x86)\360\Total Security\safemon\libzdtp64.dll
0x00007fff9d610000 - 0x00007fff9dd53000 	C:\Windows\System32\SHELL32.dll
0x00007fff9dd60000 - 0x00007fff9ddb5000 	C:\Windows\System32\SHLWAPI.dll
0x00007fff94dd0000 - 0x00007fff94ddc000 	C:\Program Files\Java\jdk-18.0.2\bin\vcruntime140_1.dll
0x00007fff7e300000 - 0x00007fff7e38d000 	C:\Program Files\Java\jdk-18.0.2\bin\msvcp140.dll
0x00007fff564b0000 - 0x00007fff570c1000 	C:\Program Files\Java\jdk-18.0.2\bin\server\jvm.dll
0x00007fff9dfb0000 - 0x00007fff9dfb8000 	C:\Windows\System32\PSAPI.DLL
0x00007fff98080000 - 0x00007fff98089000 	C:\Windows\SYSTEM32\WSOCK32.dll
0x00007fff7f9c0000 - 0x00007fff7f9e7000 	C:\Windows\SYSTEM32\WINMM.dll
0x00007fff9e6b0000 - 0x00007fff9e71b000 	C:\Windows\System32\WS2_32.dll
0x00007fff9a040000 - 0x00007fff9a052000 	C:\Windows\SYSTEM32\kernel.appcore.dll
0x00007fff94d60000 - 0x00007fff94d6a000 	C:\Program Files\Java\jdk-18.0.2\bin\jimage.dll
0x00007fff78850000 - 0x00007fff78a34000 	C:\Windows\SYSTEM32\DBGHELP.DLL
0x00007fff8b940000 - 0x00007fff8b96c000 	C:\Windows\SYSTEM32\dbgcore.DLL
0x00007fff9c220000 - 0x00007fff9c2a2000 	C:\Windows\System32\bcryptPrimitives.dll
0x00007fff93d90000 - 0x00007fff93db5000 	C:\Program Files\Java\jdk-18.0.2\bin\java.dll
0x00007fff6e080000 - 0x00007fff6e156000 	C:\Program Files\Java\jdk-18.0.2\bin\jsvml.dll
0x00007fff9a240000 - 0x00007fff9a9d2000 	C:\Windows\SYSTEM32\windows.storage.dll
0x00007fff9cdf0000 - 0x00007fff9d144000 	C:\Windows\System32\combase.dll
0x00007fff9bbe0000 - 0x00007fff9bc10000 	C:\Windows\SYSTEM32\Wldp.dll
0x00007fff9d420000 - 0x00007fff9d4cd000 	C:\Windows\System32\SHCORE.dll
0x00007fff9c130000 - 0x00007fff9c14f000 	C:\Windows\SYSTEM32\profapi.dll
0x00007fff93ca0000 - 0x00007fff93cb3000 	C:\Program Files\Java\jdk-18.0.2\bin\net.dll
0x00007fff8a430000 - 0x00007fff8a53c000 	C:\Windows\SYSTEM32\WINHTTP.dll
0x00007fff9b940000 - 0x00007fff9b9aa000 	C:\Windows\system32\mswsock.dll
0x00007fff8cab0000 - 0x00007fff8cac6000 	C:\Program Files\Java\jdk-18.0.2\bin\nio.dll
0x00007fff8bdc0000 - 0x00007fff8bdd8000 	C:\Program Files\Java\jdk-18.0.2\bin\zip.dll
0x00000215169a0000 - 0x00000215169a3000 	C:\Program Files\Java\jdk-18.0.2\javafx-sdk-18.0.2\bin\api-ms-win-core-console-l1-1-0.dll
0x00000215169b0000 - 0x00000215169b3000 	C:\Program Files\Java\jdk-18.0.2\javafx-sdk-18.0.2\bin\api-ms-win-core-console-l1-2-0.dll
0x00000215169c0000 - 0x00000215169c3000 	C:\Program Files\Java\jdk-18.0.2\javafx-sdk-18.0.2\bin\api-ms-win-core-datetime-l1-1-0.dll
0x00000215169d0000 - 0x00000215169d3000 	C:\Program Files\Java\jdk-18.0.2\javafx-sdk-18.0.2\bin\api-ms-win-core-debug-l1-1-0.dll
0x00000215169e0000 - 0x00000215169e3000 	C:\Program Files\Java\jdk-18.0.2\javafx-sdk-18.0.2\bin\api-ms-win-core-errorhandling-l1-1-0.dll
0x00000215169f0000 - 0x00000215169f4000 	C:\Program Files\Java\jdk-18.0.2\javafx-sdk-18.0.2\bin\api-ms-win-core-file-l1-1-0.dll
0x0000021516a00000 - 0x0000021516a03000 	C:\Program Files\Java\jdk-18.0.2\javafx-sdk-18.0.2\bin\api-ms-win-core-file-l1-2-0.dll
0x0000021516a10000 - 0x0000021516a13000 	C:\Program Files\Java\jdk-18.0.2\javafx-sdk-18.0.2\bin\api-ms-win-core-file-l2-1-0.dll
0x0000021516a20000 - 0x0000021516a23000 	C:\Program Files\Java\jdk-18.0.2\javafx-sdk-18.0.2\bin\api-ms-win-core-handle-l1-1-0.dll
0x0000021516a30000 - 0x0000021516a33000 	C:\Program Files\Java\jdk-18.0.2\javafx-sdk-18.0.2\bin\api-ms-win-core-heap-l1-1-0.dll
0x0000021516a40000 - 0x0000021516a43000 	C:\Program Files\Java\jdk-18.0.2\javafx-sdk-18.0.2\bin\api-ms-win-core-interlocked-l1-1-0.dll
0x0000021516a50000 - 0x0000021516a53000 	C:\Program Files\Java\jdk-18.0.2\javafx-sdk-18.0.2\bin\api-ms-win-core-libraryloader-l1-1-0.dll
0x0000021516a60000 - 0x0000021516a63000 	C:\Program Files\Java\jdk-18.0.2\javafx-sdk-18.0.2\bin\api-ms-win-core-localization-l1-2-0.dll
0x0000021516a70000 - 0x0000021516a73000 	C:\Program Files\Java\jdk-18.0.2\javafx-sdk-18.0.2\bin\api-ms-win-core-memory-l1-1-0.dll
0x0000021516a80000 - 0x0000021516a83000 	C:\Program Files\Java\jdk-18.0.2\javafx-sdk-18.0.2\bin\api-ms-win-core-namedpipe-l1-1-0.dll
0x0000021516a90000 - 0x0000021516a93000 	C:\Program Files\Java\jdk-18.0.2\javafx-sdk-18.0.2\bin\api-ms-win-core-processenvironment-l1-1-0.dll
0x0000021516aa0000 - 0x0000021516aa3000 	C:\Program Files\Java\jdk-18.0.2\javafx-sdk-18.0.2\bin\api-ms-win-core-processthreads-l1-1-0.dll
0x0000021516ab0000 - 0x0000021516ab3000 	C:\Program Files\Java\jdk-18.0.2\javafx-sdk-18.0.2\bin\api-ms-win-core-processthreads-l1-1-1.dll
0x0000021516ac0000 - 0x0000021516ac3000 	C:\Program Files\Java\jdk-18.0.2\javafx-sdk-18.0.2\bin\api-ms-win-core-profile-l1-1-0.dll
0x0000021516ad0000 - 0x0000021516ad3000 	C:\Program Files\Java\jdk-18.0.2\javafx-sdk-18.0.2\bin\api-ms-win-core-rtlsupport-l1-1-0.dll
0x0000021516ae0000 - 0x0000021516ae3000 	C:\Program Files\Java\jdk-18.0.2\javafx-sdk-18.0.2\bin\api-ms-win-core-string-l1-1-0.dll
0x0000021516af0000 - 0x0000021516af3000 	C:\Program Files\Java\jdk-18.0.2\javafx-sdk-18.0.2\bin\api-ms-win-core-synch-l1-1-0.dll
0x0000021516b00000 - 0x0000021516b03000 	C:\Program Files\Java\jdk-18.0.2\javafx-sdk-18.0.2\bin\api-ms-win-core-synch-l1-2-0.dll
0x0000021516b10000 - 0x0000021516b13000 	C:\Program Files\Java\jdk-18.0.2\javafx-sdk-18.0.2\bin\api-ms-win-core-sysinfo-l1-1-0.dll
0x0000021516b20000 - 0x0000021516b23000 	C:\Program Files\Java\jdk-18.0.2\javafx-sdk-18.0.2\bin\api-ms-win-core-timezone-l1-1-0.dll
0x0000021516b30000 - 0x0000021516b33000 	C:\Program Files\Java\jdk-18.0.2\javafx-sdk-18.0.2\bin\api-ms-win-core-util-l1-1-0.dll
0x0000021516b40000 - 0x0000021516b43000 	C:\Program Files\Java\jdk-18.0.2\javafx-sdk-18.0.2\bin\api-ms-win-crt-conio-l1-1-0.dll
0x0000021516b50000 - 0x0000021516b54000 	C:\Program Files\Java\jdk-18.0.2\javafx-sdk-18.0.2\bin\api-ms-win-crt-convert-l1-1-0.dll
0x0000021516b60000 - 0x0000021516b63000 	C:\Program Files\Java\jdk-18.0.2\javafx-sdk-18.0.2\bin\api-ms-win-crt-environment-l1-1-0.dll
0x0000021516b70000 - 0x0000021516b73000 	C:\Program Files\Java\jdk-18.0.2\javafx-sdk-18.0.2\bin\api-ms-win-crt-filesystem-l1-1-0.dll
0x0000021516b80000 - 0x0000021516b83000 	C:\Program Files\Java\jdk-18.0.2\javafx-sdk-18.0.2\bin\api-ms-win-crt-heap-l1-1-0.dll
0x0000021516b90000 - 0x0000021516b93000 	C:\Program Files\Java\jdk-18.0.2\javafx-sdk-18.0.2\bin\api-ms-win-crt-locale-l1-1-0.dll
0x0000021516ba0000 - 0x0000021516ba5000 	C:\Program Files\Java\jdk-18.0.2\javafx-sdk-18.0.2\bin\api-ms-win-crt-math-l1-1-0.dll
0x0000021516bb0000 - 0x0000021516bb5000 	C:\Program Files\Java\jdk-18.0.2\javafx-sdk-18.0.2\bin\api-ms-win-crt-multibyte-l1-1-0.dll
0x0000021516bc0000 - 0x0000021516bd0000 	C:\Program Files\Java\jdk-18.0.2\javafx-sdk-18.0.2\bin\api-ms-win-crt-private-l1-1-0.dll
0x0000021516bd0000 - 0x0000021516bd3000 	C:\Program Files\Java\jdk-18.0.2\javafx-sdk-18.0.2\bin\api-ms-win-crt-process-l1-1-0.dll
0x0000021516be0000 - 0x0000021516be4000 	C:\Program Files\Java\jdk-18.0.2\javafx-sdk-18.0.2\bin\api-ms-win-crt-runtime-l1-1-0.dll
0x0000021516bf0000 - 0x0000021516bf4000 	C:\Program Files\Java\jdk-18.0.2\javafx-sdk-18.0.2\bin\api-ms-win-crt-stdio-l1-1-0.dll
0x000002151c7d0000 - 0x000002151c7d4000 	C:\Program Files\Java\jdk-18.0.2\javafx-sdk-18.0.2\bin\api-ms-win-crt-string-l1-1-0.dll
0x000002151c7e0000 - 0x000002151c7e3000 	C:\Program Files\Java\jdk-18.0.2\javafx-sdk-18.0.2\bin\api-ms-win-crt-time-l1-1-0.dll
0x000002151c7f0000 - 0x000002151c7f3000 	C:\Program Files\Java\jdk-18.0.2\javafx-sdk-18.0.2\bin\api-ms-win-crt-utility-l1-1-0.dll
0x00007fff6a460000 - 0x00007fff6a55c000 	C:\Program Files\Java\jdk-18.0.2\javafx-sdk-18.0.2\bin\ucrtbase.dll
0x00007fff7cec0000 - 0x00007fff7ceda000 	C:\Program Files\Java\jdk-18.0.2\javafx-sdk-18.0.2\bin\vcruntime140.dll
0x00007fff8e860000 - 0x00007fff8e86c000 	C:\Program Files\Java\jdk-18.0.2\javafx-sdk-18.0.2\bin\vcruntime140_1.dll
0x00007fff6dff0000 - 0x00007fff6e07d000 	C:\Program Files\Java\jdk-18.0.2\javafx-sdk-18.0.2\bin\msvcp140.dll
0x00007fff7a1f0000 - 0x00007fff7a21c000 	C:\Program Files\Java\jdk-18.0.2\javafx-sdk-18.0.2\bin\prism_d3d.dll
0x00007fff696d0000 - 0x00007fff6989f000 	C:\Windows\system32\d3d9.dll
0x00007fff99f30000 - 0x00007fff99f5f000 	C:\Windows\SYSTEM32\dwmapi.dll
0x00007fff99b70000 - 0x00007fff99c0e000 	C:\Windows\system32\uxtheme.dll
0x00007fff704f0000 - 0x00007fff7069f000 	C:\Windows\System32\DriverStore\FileRepository\iigd_dch.inf_amd64_51f685305808e3a5\igdumdim64.dll
0x00007fff9ddc0000 - 0x00007fff9deea000 	C:\Windows\System32\ole32.dll
0x00007fff9c1f0000 - 0x00007fff9c217000 	C:\Windows\System32\bcrypt.dll
0x000002151c990000 - 0x000002151fa33000 	C:\Windows\System32\DriverStore\FileRepository\iigd_dch.inf_amd64_51f685305808e3a5\igd9dxva64.dll
0x00007fff9cc90000 - 0x00007fff9cd5d000 	C:\Windows\System32\OLEAUT32.dll
0x00007fff9e240000 - 0x00007fff9e6a8000 	C:\Windows\System32\SETUPAPI.dll
0x00007fff9ca50000 - 0x00007fff9ca9e000 	C:\Windows\System32\cfgmgr32.dll
0x00007fff92440000 - 0x00007fff92849000 	C:\Windows\System32\DriverStore\FileRepository\iigd_dch.inf_amd64_51f685305808e3a5\igdgmm64.dll
0x00007fff79200000 - 0x00007fff79242000 	C:\Program Files\Java\jdk-18.0.2\javafx-sdk-18.0.2\bin\glass.dll
0x00007fff9e9d0000 - 0x00007fff9eaaa000 	C:\Windows\System32\COMDLG32.dll
0x00007fff9d250000 - 0x00007fff9d365000 	C:\Windows\System32\MSCTF.dll
0x00007fff7db40000 - 0x00007fff7db67000 	C:\Windows\System32\DriverStore\FileRepository\iigd_dch.inf_amd64_51f685305808e3a5\igdinfo64.dll
0x00007fff8eca0000 - 0x00007fff92434000 	C:\Windows\System32\DriverStore\FileRepository\iigd_dch.inf_amd64_51f685305808e3a5\igc64.dll
0x00007fff93440000 - 0x00007fff9347b000 	C:\Windows\SYSTEM32\dxcore.dll
0x00007fff79350000 - 0x00007fff79364000 	C:\Program Files\Java\jdk-18.0.2\javafx-sdk-18.0.2\bin\javafx_font.dll
0x00007fff8e360000 - 0x00007fff8e5df000 	C:\Windows\SYSTEM32\dwrite.dll
0x00007fff9cb40000 - 0x00007fff9cbef000 	C:\Windows\System32\clbcatq.dll
0x00007fff969a0000 - 0x00007fff96b54000 	C:\Windows\SYSTEM32\WindowsCodecs.dll
0x00007fff7dab0000 - 0x00007fff7daee000 	C:\Windows\system32\dataexchange.dll
0x00007fff98f60000 - 0x00007fff99143000 	C:\Windows\system32\dcomp.dll
0x00007fff98b90000 - 0x00007fff98df3000 	C:\Windows\system32\d3d11.dll
0x00007fff9aa40000 - 0x00007fff9ab33000 	C:\Windows\system32\dxgi.dll
0x00007fff966f0000 - 0x00007fff968f0000 	C:\Windows\system32\twinapi.appcore.dll
0x00007fff79250000 - 0x00007fff79284000 	C:\Program Files\Common Files\Microsoft Shared\Ink\rtscom.dll
0x00007fff93ed0000 - 0x00007fff93fc9000 	C:\Windows\SYSTEM32\textinputframework.dll
0x00007fff994d0000 - 0x00007fff9982e000 	C:\Windows\System32\CoreUIComponents.dll
0x00007fff99930000 - 0x00007fff99a22000 	C:\Windows\System32\CoreMessaging.dll
0x00007fff9b330000 - 0x00007fff9b363000 	C:\Windows\SYSTEM32\ntmarta.dll
0x00007fff98e00000 - 0x00007fff98f54000 	C:\Windows\SYSTEM32\wintypes.dll
0x00007fff985d0000 - 0x00007fff98b90000 	C:\Windows\SYSTEM32\d2d1.dll
0x00007fff93480000 - 0x00007fff93b76000 	C:\Windows\SYSTEM32\D3D10Warp.dll

dbghelp: loaded successfully - version: 4.0.5 - missing functions: none
symbol engine: initialized successfully - sym options: 0x614 - pdb path: .;C:\Program Files\Java\jdk-18.0.2\bin;C:\Windows\SYSTEM32;C:\Windows\WinSxS\amd64_microsoft.windows.common-controls_6595b64144ccf1df_6.0.19041.1110_none_60b5254171f9507e;C:\Program Files (x86)\360\Total Security\safemon;C:\Program Files\Java\jdk-18.0.2\bin\server;C:\Program Files\Java\jdk-18.0.2\javafx-sdk-18.0.2\bin;C:\Windows\System32\DriverStore\FileRepository\iigd_dch.inf_amd64_51f685305808e3a5;C:\Program Files\Common Files\Microsoft Shared\Ink

VM Arguments:
jvm_args: -Dfile.encoding=UTF-8 --module-path=C:\Program Files\Java\jdk-18.0.2\javafx-sdk-18.0.2\lib --add-modules=javafx.controls,javafx.fxml 
java_command: tnt.gui.Ke_Shop
java_class_path (initial): C:\Program Files\Java\jdk-18.0.2\javafx-sdk-18.0.2\lib\javafx-swt.jar;C:\Program Files\Java\jdk-18.0.2\javafx-sdk-18.0.2\lib\javafx.base.jar;C:\Program Files\Java\jdk-18.0.2\javafx-sdk-18.0.2\lib\javafx.controls.jar;C:\Program Files\Java\jdk-18.0.2\javafx-sdk-18.0.2\lib\javafx.fxml.jar;C:\Program Files\Java\jdk-18.0.2\javafx-sdk-18.0.2\lib\javafx.graphics.jar;C:\Program Files\Java\jdk-18.0.2\javafx-sdk-18.0.2\lib\javafx.media.jar;C:\Program Files\Java\jdk-18.0.2\javafx-sdk-18.0.2\lib\javafx.swing.jar;C:\Program Files\Java\jdk-18.0.2\javafx-sdk-18.0.2\lib\javafx.web.jar;C:\Users\alezx\OneDrive\Documentos\NetBeansProjects\Ke-Shop\Ke-Shop\build\classes
Launcher Type: SUN_STANDARD

[Global flags]
     intx CICompilerCount                          = 2                                         {product} {ergonomic}
     uint ConcGCThreads                            = 1                                         {product} {ergonomic}
     uint G1ConcRefinementThreads                  = 2                                         {product} {ergonomic}
   size_t G1HeapRegionSize                         = 1048576                                   {product} {ergonomic}
    uintx GCDrainStackTargetSize                   = 64                                        {product} {ergonomic}
   size_t InitialHeapSize                          = 31457280                                  {product} {ergonomic}
   size_t MarkStackSize                            = 4194304                                   {product} {ergonomic}
   size_t MaxHeapSize                              = 497025024                                 {product} {ergonomic}
   size_t MaxNewSize                               = 297795584                                 {product} {ergonomic}
   size_t MinHeapDeltaBytes                        = 1048576                                   {product} {ergonomic}
   size_t MinHeapSize                              = 8388608                                   {product} {ergonomic}
    uintx NonNMethodCodeHeapSize                   = 5826188                                {pd product} {ergonomic}
    uintx NonProfiledCodeHeapSize                  = 122916026                              {pd product} {ergonomic}
    uintx ProfiledCodeHeapSize                     = 122916026                              {pd product} {ergonomic}
    uintx ReservedCodeCacheSize                    = 251658240                              {pd product} {ergonomic}
     bool SegmentedCodeCache                       = true                                      {product} {ergonomic}
   size_t SoftMaxHeapSize                          = 497025024                              {manageable} {ergonomic}
     bool UseCompressedClassPointers               = true                           {product lp64_product} {ergonomic}
     bool UseCompressedOops                        = true                           {product lp64_product} {ergonomic}
     bool UseG1GC                                  = true                                      {product} {ergonomic}
     bool UseLargePagesIndividualAllocation        = false                                  {pd product} {ergonomic}

Logging:
Log output configuration:
 #0: stdout all=warning uptime,level,tags foldmultilines=false
 #1: stderr all=off uptime,level,tags foldmultilines=false

Environment Variables:
JAVA_HOME=C:\Program Files\Java\jdk8u345-b01
PATH=C:\Program Files\Common Files\Oracle\Java\javapath;C:\Python310\Scripts\;C:\Python310\;C:\Program Files (x86)\Common Files\Oracle\Java\javapath;C:\Windows\system32;C:\Windows;C:\Windows\System32\Wbem;C:\Windows\System32\WindowsPowerShell\v1.0\;C:\Windows\System32\OpenSSH\;C:\Program Files\Java\jdk8u345-b01\bin;C:\Program Files\nodejs\;C:\ProgramData\chocolatey\bin;C:\Program Files\Airshipper\;C:\Users\alezx\AppData\Local\Microsoft\WindowsApps;C:\Program Files (x86)\Brackets\;C:\Users\alezx\AppData\Roaming\npm;C:\Users\alezx\AppData\Local\JetBrains\IntelliJ IDEA 2022.2.1\bin;
USERNAME=alezx
OS=Windows_NT
PROCESSOR_IDENTIFIER=Intel64 Family 6 Model 92 Stepping 9, GenuineIntel



---------------  S Y S T E M  ---------------

OS:
 Windows 10 , 64 bit Build 19041 (10.0.19041.2251)
OS uptime: 3 days 12:59 hours

CPU: total 2 (initial active 2) (2 cores per cpu, 1 threads per core) family 6 model 92 stepping 9 microcode 0x32, cx8, cmov, fxsr, mmx, 3dnowpref, sse, sse2, sse3, ssse3, sse4.1, sse4.2, popcnt, tsc, tscinvbit, aes, erms, clmul, sha, clflush, clflushopt

Memory: 4k page, system-wide physical 1888M (190M free)
TotalPageFile size 3888M (AvailPageFile size 1M)
current process WorkingSet (physical memory assigned to process): 127M, peak: 127M
current process commit charge ("private bytes"): 158M, peak: 159M

vm_info: Java HotSpot(TM) 64-Bit Server VM (18.0.2+9-61) for windows-amd64 JRE (18.0.2+9-61), built on Jun  7 2022 13:09:01 by "mach5one" with MS VC++ 16.8 / 16.9 (VS2019)

END.
